2017-10-08 23:13:17,405 [rest_service_log] INFO: Starting listener
Starting listener
2017-10-08 23:13:18,503 [rest_service_log] INFO: Starting listener
Starting listener
2017-10-08 23:16:45,162 [rest_service_log] INFO: Starting listener
Starting listener
2017-10-08 23:16:48,985 [rest_service_log] INFO: Starting listener
Starting listener
2017-10-08 23:16:50,001 [rest_service_log] INFO: Starting listener
Starting listener
2017-10-08 23:17:22,576 [rest_service_log] INFO: Starting listener
Starting listener
2017-10-08 23:17:23,753 [rest_service_log] INFO: Starting listener
Starting listener
2017-10-08 23:43:08,699 [rest_service_log] INFO: Starting listener
Starting listener
2017-10-08 23:43:09,662 [rest_service_log] INFO: Starting listener
Starting listener
2017-10-09 00:00:37,156 [rest_service_log] INFO: Starting listener
Starting listener
2017-10-09 00:00:38,253 [rest_service_log] INFO: Starting listener
Starting listener
2017-10-09 00:05:38,044 [rest_service_log] INFO: Starting listener
Starting listener
2017-10-09 00:05:39,065 [rest_service_log] INFO: Starting listener
Starting listener
2017-10-09 01:29:18,065 [rest_service_log] INFO: Starting listener
Starting listener
2017-10-09 01:30:23,042 [rest_service_log] INFO: Starting listener
Starting listener
2017-10-09 01:38:56,448 [rest_service_log] INFO: Starting listener
Starting listener
2017-10-09 01:39:00,972 [rest_service_log] INFO: Starting listener
Starting listener
2017-10-09 01:39:02,024 [rest_service_log] INFO: Starting listener
Starting listener
2017-10-09 01:39:08,709 [rest_service_log] INFO: Starting listener
Starting listener
2017-10-09 01:39:09,688 [rest_service_log] INFO: Starting listener
Starting listener
2017-10-09 01:39:28,388 [rest_service_log] INFO: Existing User
Existing User
2017-10-09 01:41:16,821 [rest_service_log] INFO: Existing User
Existing User
2017-10-09 01:41:46,590 [rest_service_log] INFO: Existing User
Existing User
2017-10-09 01:43:43,590 [rest_service_log] INFO: Existing User
Existing User
2017-10-09 01:43:56,017 [rest_service_log] INFO: Restaurant deleted
Restaurant deleted
2017-10-09 01:45:44,883 [rest_service_log] INFO: Starting listener
Starting listener
2017-10-09 01:57:44,465 [rest_service_log] INFO: Starting listener
Starting listener
2017-10-09 01:57:45,302 [rest_service_log] INFO: Starting listener
Starting listener
2017-10-09 02:06:15,663 [rest_service_log] INFO: Starting listener
Starting listener
2017-10-09 02:07:36,030 [rest_service_log] INFO: Starting listener
Starting listener
2017-10-09 02:09:42,428 [rest_service_log] INFO: Starting listener
Starting listener
2017-10-09 02:15:09,362 [rest_service_log] INFO: Starting listener
Starting listener
2017-10-09 02:15:12,207 [rest_service_log] INFO: Starting listener
Starting listener
2017-10-09 02:15:13,009 [rest_service_log] INFO: Starting listener
Starting listener
2017-10-09 02:15:33,052 [rest_service_log] INFO: Starting listener
Starting listener
2017-10-09 02:15:33,835 [rest_service_log] INFO: Starting listener
Starting listener
2017-10-09 02:16:31,657 [rest_service_log] INFO: Starting listener
Starting listener
2017-10-09 02:16:33,843 [rest_service_log] INFO: Starting listener
Starting listener
2017-10-09 02:16:34,634 [rest_service_log] INFO: Starting listener
Starting listener
2017-10-09 02:20:28,380 [rest_service_log] INFO: Starting listener
Starting listener
2017-10-09 02:20:33,274 [rest_service_log] INFO: Starting listener
Starting listener
2017-10-09 02:20:34,145 [rest_service_log] INFO: Starting listener
Starting listener
2017-10-09 12:06:11,923 [rest_service_log] INFO: Starting listener
Starting listener
2017-10-09 12:06:12,926 [rest_service_log] INFO: Starting listener
Starting listener
2017-10-09 12:06:34,662 [rest_service_log] INFO: Existing User
Existing User
2017-10-09 12:06:47,457 [rest_service_log] INFO: Restaurant deleted
Restaurant deleted
2017-10-09 12:09:19,104 [rest_service_log] INFO: Starting listener
Starting listener
2017-10-09 12:09:20,187 [rest_service_log] INFO: Starting listener
Starting listener
2017-10-09 12:09:50,138 [rest_service_log] INFO: Starting listener
Starting listener
2017-10-09 12:09:52,760 [rest_service_log] INFO: Starting listener
Starting listener
2017-10-09 12:09:53,856 [rest_service_log] INFO: Starting listener
Starting listener
2017-10-09 12:14:23,557 [rest_service_log] INFO: Starting listener
Starting listener
2017-10-09 12:14:25,444 [rest_service_log] INFO: Starting listener
Starting listener
2017-10-09 12:14:26,507 [rest_service_log] INFO: Starting listener
Starting listener
2017-10-09 12:14:55,897 [rest_service_log] INFO: Starting listener
Starting listener
2017-10-09 12:14:56,996 [rest_service_log] INFO: Starting listener
Starting listener
2017-10-09 13:33:49,603 [rest_service_log] INFO: Starting listener
Starting listener
2017-10-09 13:33:50,608 [rest_service_log] INFO: Starting listener
Starting listener
2017-10-09 13:34:50,144 [rest_service_log] INFO: Starting listener
Starting listener
2017-10-09 13:34:51,259 [rest_service_log] INFO: Starting listener
Starting listener
2017-10-09 13:36:09,145 [rest_service_log] INFO: Starting listener
Starting listener
2017-10-09 13:36:10,231 [rest_service_log] INFO: Starting listener
Starting listener
2017-10-09 13:37:22,881 [rest_service_log] INFO: Starting listener
Starting listener
2017-10-09 13:37:23,938 [rest_service_log] INFO: Starting listener
Starting listener
2017-10-09 13:38:50,142 [rest_service_log] INFO: Starting listener
Starting listener
2017-10-09 13:38:51,190 [rest_service_log] INFO: Starting listener
Starting listener
2017-10-09 13:39:01,749 [rest_service_log] INFO: Existing User
Existing User
2017-10-09 13:39:14,716 [rest_service_log] INFO: Restaurant deleted
Restaurant deleted
2017-10-09 13:40:10,657 [rest_service_log] INFO: Starting listener
Starting listener
2017-10-09 13:40:11,452 [rest_service_log] INFO: Starting listener
Starting listener
2017-10-09 14:20:25,185 [rest_service_log] INFO: Starting listener
Starting listener
2017-10-09 14:20:25,989 [rest_service_log] INFO: Starting listener
Starting listener
2017-10-09 14:41:10,515 [rest_service_log] INFO: Starting listener
Starting listener
2017-10-09 14:41:11,268 [rest_service_log] INFO: Starting listener
Starting listener
2017-10-09 14:42:42,003 [rest_service_log] INFO: Starting listener
Starting listener
2017-10-09 14:43:43,962 [rest_service_log] INFO: Starting listener
Starting listener
2017-10-09 16:13:40,476 [rest_service_log] INFO: Starting listener
Starting listener
2017-10-09 16:13:45,256 [rest_service_log] INFO: Starting listener
Starting listener
2017-10-09 16:13:46,052 [rest_service_log] INFO: Starting listener
Starting listener
2017-10-09 16:18:55,268 [rest_service_log] INFO: Starting listener
Starting listener
2017-10-09 16:20:29,210 [rest_service_log] INFO: Starting listener
Starting listener
2017-10-09 16:21:17,181 [rest_service_log] INFO: Starting listener
Starting listener
2017-10-09 16:21:19,964 [rest_service_log] INFO: Starting listener
Starting listener
2017-10-09 16:21:20,717 [rest_service_log] INFO: Starting listener
Starting listener
2017-10-09 16:30:11,435 [rest_service_log] INFO: Starting listener
Starting listener
2017-10-09 16:31:32,542 [rest_service_log] INFO: Starting listener
Starting listener
2017-10-09 16:31:36,051 [rest_service_log] INFO: Starting listener
Starting listener
2017-10-09 16:31:36,761 [rest_service_log] INFO: Starting listener
Starting listener
2017-10-09 16:37:03,905 [rest_service_log] INFO: Starting listener
Starting listener
2017-10-09 16:37:07,405 [rest_service_log] INFO: Starting listener
Starting listener
2017-10-09 16:37:08,178 [rest_service_log] INFO: Starting listener
Starting listener
2017-10-09 17:45:52,821 [rest_service_log] INFO: Starting listener
Starting listener
2017-10-09 17:45:53,581 [rest_service_log] INFO: Starting listener
Starting listener
